#
# There is insufficient memory for the Java Runtime Environment to continue.
# Native memory allocation (mmap) failed to map 56623104 bytes for G1 virtual space
# Possible reasons:
#   The system is out of physical RAM or swap space
#   The process is running with CompressedOops enabled, and the Java Heap may be blocking the growth of the native heap
# Possible solutions:
#   Reduce memory load on the system
#   Increase physical memory or swap space
#   Check if swap backing store is full
#   Decrease Java heap size (-Xmx/-Xms)
#   Decrease number of Java threads
#   Decrease Java thread stack sizes (-Xss)
#   Set larger code cache with -XX:ReservedCodeCacheSize=
#   JVM is running with Unscaled Compressed Oops mode in which the Java heap is
#     placed in the first 4GB address space. The Java Heap base address is the
#     maximum limit for the native heap growth. Please use -XX:HeapBaseMinAddress
#     to set the Java Heap base and to place the Java Heap above 4GB virtual address.
# This output file may be truncated or incomplete.
#
#  Out of Memory Error (os_windows.cpp:3469), pid=11436, tid=10992
#
# JRE version: Java(TM) SE Runtime Environment (17.0.1+12) (build 17.0.1+12-LTS-39)
# Java VM: Java HotSpot(TM) 64-Bit Server VM (17.0.1+12-LTS-39, mixed mode, emulated-client, sharing, tiered, compressed oops, compressed class ptrs, g1 gc, windows-amd64)
# No core dump will be written. Minidumps are not enabled by default on client versions of Windows
#

---------------  S U M M A R Y ------------

Command Line: -XX:TieredStopAtLevel=1 -Xverify:none -Dspring.output.ansi.enabled=always -javaagent:C:\Program Files\JetBrains\lib\idea_rt.jar=61349:C:\Program Files\JetBrains\bin -Dcom.sun.management.jmxremote -Dspring.jmx.enabled=true -Dspring.liveBeansView.mbeanDomain -Dspring.application.admin.enabled=true -Dfile.encoding=UTF-8 web.SpringJsApplication

Host: Intel(R) Core(TM) i5-8265U CPU @ 1.60GHz, 8 cores, 7G,  Windows 10 , 64 bit Build 19041 (10.0.19041.1503)
Time: Tue Feb 22 17:12:29 2022 RTZ 2 (s 10 , 64 bit Build 19041 (10.0.19041.1503) elapsed time: 2.436119 seconds (0d 0h 0m 2s)

---------------  T H R E A D  ---------------

Current thread (0x000001ca274af770):  VMThread "VM Thread" [stack: 0x00000070c9100000,0x00000070c9200000] [id=10992]

Stack: [0x00000070c9100000,0x00000070c9200000]
Native frames: (J=compiled Java code, j=interpreted, Vv=VM code, C=native code)
V  [jvm.dll+0x66fa1a]
V  [jvm.dll+0x7ce5a4]
V  [jvm.dll+0x7cfd4e]
V  [jvm.dll+0x7d03b3]
V  [jvm.dll+0x242b05]
V  [jvm.dll+0x66ca39]
V  [jvm.dll+0x661502]
V  [jvm.dll+0x30081b]
V  [jvm.dll+0x307da6]
V  [jvm.dll+0x357a1e]
V  [jvm.dll+0x357c4f]
V  [jvm.dll+0x2d7ad8]
V  [jvm.dll+0x2d5da4]
V  [jvm.dll+0x2d53ac]
V  [jvm.dll+0x318d0b]
V  [jvm.dll+0x7d484b]
V  [jvm.dll+0x7d5584]
V  [jvm.dll+0x7d5a9c]
V  [jvm.dll+0x7d5e74]
V  [jvm.dll+0x7d5f40]
V  [jvm.dll+0x77e91a]
V  [jvm.dll+0x66e845]
C  [ucrtbase.dll+0x21bb2]
C  [KERNEL32.DLL+0x17034]
C  [ntdll.dll+0x52651]

VM_Operation (0x00000070cacfbe40): G1CollectForAllocation, mode: safepoint, requested by thread 0x000001ca288fc940


---------------  P R O C E S S  ---------------

Threads class SMR info:
_java_thread_list=0x000001ca2a043730, length=21, elements={
0x000001ca15629f00, 0x000001ca274b4890, 0x000001ca274b5610, 0x000001ca274cb270,
0x000001ca274cdf00, 0x000001ca274cf7d0, 0x000001ca274d0090, 0x000001ca274d0a00,
0x000001ca274dc810, 0x000001ca274a22c0, 0x000001ca274a2a10, 0x000001ca280a1870,
0x000001ca28423e00, 0x000001ca284242d0, 0x000001ca285a5110, 0x000001ca28616860,
0x000001ca2891bb30, 0x000001ca288fc940, 0x000001ca29c82b10, 0x000001ca29ca1ce0,
0x000001ca29e624c0
}

Java Threads: ( => current thread )
  0x000001ca15629f00 JavaThread "main" [_thread_blocked, id=2812, stack(0x00000070c8b00000,0x00000070c8c00000)]
  0x000001ca274b4890 JavaThread "Reference Handler" daemon [_thread_blocked, id=4240, stack(0x00000070c9200000,0x00000070c9300000)]
  0x000001ca274b5610 JavaThread "Finalizer" daemon [_thread_blocked, id=6752, stack(0x00000070c9300000,0x00000070c9400000)]
  0x000001ca274cb270 JavaThread "Signal Dispatcher" daemon [_thread_blocked, id=3324, stack(0x00000070c9400000,0x00000070c9500000)]
  0x000001ca274cdf00 JavaThread "Attach Listener" daemon [_thread_blocked, id=11812, stack(0x00000070c9500000,0x00000070c9600000)]
  0x000001ca274cf7d0 JavaThread "Service Thread" daemon [_thread_blocked, id=10812, stack(0x00000070c9600000,0x00000070c9700000)]
  0x000001ca274d0090 JavaThread "Monitor Deflation Thread" daemon [_thread_blocked, id=2392, stack(0x00000070c9700000,0x00000070c9800000)]
  0x000001ca274d0a00 JavaThread "C1 CompilerThread0" daemon [_thread_blocked, id=13456, stack(0x00000070c9800000,0x00000070c9900000)]
  0x000001ca274dc810 JavaThread "Sweeper thread" daemon [_thread_blocked, id=13808, stack(0x00000070c9900000,0x00000070c9a00000)]
  0x000001ca274a22c0 JavaThread "Common-Cleaner" daemon [_thread_blocked, id=8168, stack(0x00000070c9a00000,0x00000070c9b00000)]
  0x000001ca274a2a10 JavaThread "C1 CompilerThread1" daemon [_thread_blocked, id=13104, stack(0x00000070c9b00000,0x00000070c9c00000)]
  0x000001ca280a1870 JavaThread "C1 CompilerThread2" daemon [_thread_blocked, id=3444, stack(0x00000070c9c00000,0x00000070c9d00000)]
  0x000001ca28423e00 JavaThread "Monitor Ctrl-Break" daemon [_thread_in_native, id=12408, stack(0x00000070c9d00000,0x00000070c9e00000)]
  0x000001ca284242d0 JavaThread "Notification Thread" daemon [_thread_blocked, id=7716, stack(0x00000070c9e00000,0x00000070c9f00000)]
  0x000001ca285a5110 JavaThread "RMI TCP Accept-0" daemon [_thread_in_native, id=14248, stack(0x00000070c9f00000,0x00000070ca000000)]
  0x000001ca28616860 JavaThread "C1 CompilerThread3" daemon [_thread_blocked, id=13032, stack(0x00000070ca100000,0x00000070ca200000)]
  0x000001ca2891bb30 JavaThread "Thread-0" [_thread_blocked, id=6964, stack(0x00000070cab00000,0x00000070cac00000)]
  0x000001ca288fc940 JavaThread "restartedMain" [_thread_blocked, id=1448, stack(0x00000070cac00000,0x00000070cad00000)]
  0x000001ca29c82b10 JavaThread "RMI TCP Connection(2)-192.168.0.142" daemon [_thread_in_native, id=5832, stack(0x00000070cad00000,0x00000070cae00000)]
  0x000001ca29ca1ce0 JavaThread "RMI Scheduler(0)" daemon [_thread_blocked, id=5756, stack(0x00000070cae00000,0x00000070caf00000)]
  0x000001ca29e624c0 JavaThread "RMI TCP Connection(3)-192.168.0.142" daemon [_thread_in_native, id=10104, stack(0x00000070caf00000,0x00000070cb000000)]

Other Threads:
=>0x000001ca274af770 VMThread "VM Thread" [stack: 0x00000070c9100000,0x00000070c9200000] [id=10992]
  0x000001ca156a2c00 WatcherThread [stack: 0x00000070ca000000,0x00000070ca100000] [id=11012]
  0x000001ca15669670 GCTaskThread "GC Thread#0" [stack: 0x00000070c8c00000,0x00000070c8d00000] [id=1284]
  0x000001ca288d4150 GCTaskThread "GC Thread#1" [stack: 0x00000070ca200000,0x00000070ca300000] [id=3708]
  0x000001ca288c25f0 GCTaskThread "GC Thread#2" [stack: 0x00000070ca300000,0x00000070ca400000] [id=5704]
  0x000001ca2894c1a0 GCTaskThread "GC Thread#3" [stack: 0x00000070ca400000,0x00000070ca500000] [id=13404]
  0x000001ca2894d460 GCTaskThread "GC Thread#4" [stack: 0x00000070ca500000,0x00000070ca600000] [id=7616]
  0x000001ca2894d710 GCTaskThread "GC Thread#5" [stack: 0x00000070ca600000,0x00000070ca700000] [id=12264]
  0x000001ca2894e1d0 GCTaskThread "GC Thread#6" [stack: 0x00000070ca700000,0x00000070ca800000] [id=10464]
  0x000001ca2894eb10 GCTaskThread "GC Thread#7" [stack: 0x00000070ca800000,0x00000070ca900000] [id=13232]
  0x000001ca1567b0d0 ConcurrentGCThread "G1 Main Marker" [stack: 0x00000070c8d00000,0x00000070c8e00000] [id=11976]
  0x000001ca1567b9f0 ConcurrentGCThread "G1 Conc#0" [stack: 0x00000070c8e00000,0x00000070c8f00000] [id=13624]
  0x000001ca29f2ecc0 ConcurrentGCThread "G1 Conc#1" [stack: 0x00000070cb000000,0x00000070cb100000] [id=12520]
  0x000001ca156fd9d0 ConcurrentGCThread "G1 Refine#0" [stack: 0x00000070c8f00000,0x00000070c9000000] [id=13320]
  0x000001ca2891d8d0 ConcurrentGCThread "G1 Refine#1" [stack: 0x00000070ca900000,0x00000070caa00000] [id=11272]
  0x000001ca28535270 ConcurrentGCThread "G1 Refine#2" [stack: 0x00000070caa00000,0x00000070cab00000] [id=11940]
  0x000001ca156fe300 ConcurrentGCThread "G1 Service" [stack: 0x00000070c9000000,0x00000070c9100000] [id=13432]

Threads with active compile tasks:

VM state: at safepoint (normal execution)

VM Mutex/Monitor currently owned by a thread:  ([mutex/lock_event])
[0x000001ca156263b0] Threads_lock - owner thread: 0x000001ca274af770
[0x000001ca15626c20] Heap_lock - owner thread: 0x000001ca288fc940

Heap address: 0x0000000082000000, size: 2016 MB, Compressed Oops mode: 32-bit

CDS archive(s) mapped at: [0x0000000800000000-0x0000000800bc0000-0x0000000800bc0000), size 12320768, SharedBaseAddress: 0x0000000800000000, ArchiveRelocationMode: 0.
Compressed class space mapped at: 0x0000000800c00000-0x0000000840c00000, reserved size: 1073741824
Narrow klass base: 0x0000000800000000, Narrow klass shift: 0, Narrow klass range: 0x100000000

GC Precious Log:
 CPUs: 8 total, 8 available
 Memory: 8062M
 Large Page Support: Disabled
 NUMA Support: Disabled
 Compressed Oops: Enabled (32-bit)
 Heap Region Size: 1M
 Heap Min Capacity: 8M
 Heap Initial Capacity: 126M
 Heap Max Capacity: 2016M
 Pre-touch: Disabled
 Parallel Workers: 8
 Concurrent Workers: 2
 Concurrent Refinement Workers: 8
 Periodic GC: Disabled

Heap:
 garbage-first heap   total 129024K, used 16034K [0x0000000082000000, 0x0000000100000000)
  region size 1024K, 1 young (1024K), 1 survivors (1024K)
 Metaspace       used 23593K, committed 23936K, reserved 1073152K
  class space    used 3228K, committed 3392K, reserved 1048576K

Heap Regions: E=young(eden), S=young(survivor), O=old, HS=humongous(starts), HC=humongous(continues), CS=collection set, F=free, OA=open archive, CA=closed archive, TAMS=top-at-mark-start (previous, next)
|   0|0x0000000082000000, 0x0000000082100000, 0x0000000082100000|100%|HS|  |TAMS 0x0000000082100000, 0x0000000082000000| Complete 
|   1|0x0000000082100000, 0x0000000082200000, 0x0000000082200000|100%| O|  |TAMS 0x0000000082200000, 0x0000000082100000| Untracked 
|   2|0x0000000082200000, 0x0000000082300000, 0x0000000082300000|100%| O|  |TAMS 0x0000000082300000, 0x0000000082200000| Untracked 
|   3|0x0000000082300000, 0x0000000082400000, 0x0000000082400000|100%| O|  |TAMS 0x0000000082400000, 0x0000000082300000| Untracked 
|   4|0x0000000082400000, 0x0000000082500000, 0x0000000082500000|100%| O|  |TAMS 0x0000000082500000, 0x0000000082400000| Untracked 
|   5|0x0000000082500000, 0x0000000082600000, 0x0000000082600000|100%| O|  |TAMS 0x0000000082600000, 0x0000000082500000| Untracked 
|   6|0x0000000082600000, 0x0000000082700000, 0x0000000082700000|100%| O|  |TAMS 0x0000000082700000, 0x0000000082600000| Untracked 
|   7|0x0000000082700000, 0x0000000082800000, 0x0000000082800000|100%| O|  |TAMS 0x0000000082757000, 0x0000000082700000| Untracked 
|   8|0x0000000082800000, 0x0000000082900000, 0x0000000082900000|100%| O|  |TAMS 0x0000000082800000, 0x0000000082800000| Untracked 
|   9|0x0000000082900000, 0x0000000082a00000, 0x0000000082a00000|100%| O|  |TAMS 0x0000000082900000, 0x0000000082900000| Untracked 
|  10|0x0000000082a00000, 0x0000000082a00000, 0x0000000082b00000|  0%| F|  |TAMS 0x0000000082a00000, 0x0000000082a00000| Untracked 
|  11|0x0000000082b00000, 0x0000000082c00000, 0x0000000082c00000|100%| O|  |TAMS 0x0000000082b00000, 0x0000000082b00000| Untracked 
|  12|0x0000000082c00000, 0x0000000082d00000, 0x0000000082d00000|100%| O|  |TAMS 0x0000000082c00000, 0x0000000082c00000| Untracked 
|  13|0x0000000082d00000, 0x0000000082e00000, 0x0000000082e00000|100%| O|  |TAMS 0x0000000082d00000, 0x0000000082d00000| Untracked 
|  14|0x0000000082e00000, 0x0000000082f00000, 0x0000000082f00000|100%| O|  |TAMS 0x0000000082e00000, 0x0000000082e00000| Untracked 
|  15|0x0000000082f00000, 0x0000000083000000, 0x0000000083000000|100%| O|  |TAMS 0x0000000082f00000, 0x0000000082f00000| Untracked 
|  16|0x0000000083000000, 0x0000000083000000, 0x0000000083100000|  0%| F|  |TAMS 0x0000000083000000, 0x0000000083000000| Untracked 
|  17|0x0000000083100000, 0x0000000083100000, 0x0000000083200000|  0%| F|  |TAMS 0x0000000083100000, 0x0000000083100000| Untracked 
|  18|0x0000000083200000, 0x0000000083200000, 0x0000000083300000|  0%| F|  |TAMS 0x0000000083200000, 0x0000000083200000| Untracked 
|  19|0x0000000083300000, 0x0000000083300000, 0x0000000083400000|  0%| F|  |TAMS 0x0000000083300000, 0x0000000083300000| Untracked 
|  20|0x0000000083400000, 0x0000000083400000, 0x0000000083500000|  0%| F|  |TAMS 0x0000000083400000, 0x0000000083400000| Untracked 
|  21|0x0000000083500000, 0x0000000083500000, 0x0000000083600000|  0%| F|  |TAMS 0x0000000083500000, 0x0000000083500000| Untracked 
|  22|0x0000000083600000, 0x000000008362d200, 0x0000000083700000| 17%| O|  |TAMS 0x0000000083600000, 0x0000000083600000| Untracked 
|  23|0x0000000083700000, 0x0000000083700000, 0x0000000083800000|  0%| F|  |TAMS 0x0000000083700000, 0x0000000083700000| Untracked 
|  24|0x0000000083800000, 0x0000000083800000, 0x0000000083900000|  0%| F|  |TAMS 0x0000000083800000, 0x0000000083800000| Untracked 
|  25|0x0000000083900000, 0x0000000083900000, 0x0000000083a00000|  0%| F|  |TAMS 0x0000000083900000, 0x0000000083900000| Untracked 
|  26|0x0000000083a00000, 0x0000000083a00000, 0x0000000083b00000|  0%| F|  |TAMS 0x0000000083a00000, 0x0000000083a00000| Untracked 
|  27|0x0000000083b00000, 0x0000000083b00000, 0x0000000083c00000|  0%| F|  |TAMS 0x0000000083b00000, 0x0000000083b00000| Untracked 
|  28|0x0000000083c00000, 0x0000000083c00000, 0x0000000083d00000|  0%| F|  |TAMS 0x0000000083c00000, 0x0000000083c00000| Untracked 
|  29|0x0000000083d00000, 0x0000000083d00000, 0x0000000083e00000|  0%| F|  |TAMS 0x0000000083d00000, 0x0000000083d00000| Untracked 
|  30|0x0000000083e00000, 0x0000000083e00000, 0x0000000083f00000|  0%| F|  |TAMS 0x0000000083e00000, 0x0000000083e00000| Untracked 
|  31|0x0000000083f00000, 0x0000000083f7b610, 0x0000000084000000| 48%| S|CS|TAMS 0x0000000083f00000, 0x0000000083f00000| Complete 
|  32|0x0000000084000000, 0x0000000084000000, 0x0000000084100000|  0%| F|  |TAMS 0x0000000084000000, 0x0000000084000000| Untracked 
|  33|0x0000000084100000, 0x0000000084100000, 0x0000000084200000|  0%| F|  |TAMS 0x0000000084100000, 0x0000000084100000| Untracked 
|  34|0x0000000084200000, 0x0000000084200000, 0x0000000084300000|  0%| F|  |TAMS 0x0000000084200000, 0x0000000084200000| Untracked 
|  35|0x0000000084300000, 0x0000000084300000, 0x0000000084400000|  0%| F|  |TAMS 0x0000000084300000, 0x0000000084300000| Untracked 
|  36|0x0000000084400000, 0x0000000084400000, 0x0000000084500000|  0%| F|  |TAMS 0x0000000084400000, 0x0000000084400000| Untracked 
|  37|0x0000000084500000, 0x0000000084500000, 0x0000000084600000|  0%| F|  |TAMS 0x0000000084500000, 0x0000000084500000| Untracked 
|  38|0x0000000084600000, 0x0000000084600000, 0x0000000084700000|  0%| F|  |TAMS 0x0000000084600000, 0x0000000084600000| Untracked 
|  39|0x0000000084700000, 0x0000000084700000, 0x0000000084800000|  0%| F|  |TAMS 0x0000000084700000, 0x0000000084700000| Untracked 
|  40|0x0000000084800000, 0x0000000084800000, 0x0000000084900000|  0%| F|  |TAMS 0x0000000084800000, 0x0000000084800000| Untracked 
|  41|0x0000000084900000, 0x0000000084900000, 0x0000000084a00000|  0%| F|  |TAMS 0x0000000084900000, 0x0000000084900000| Untracked 
|  42|0x0000000084a00000, 0x0000000084a00000, 0x0000000084b00000|  0%| F|  |TAMS 0x0000000084a00000, 0x0000000084a00000| Untracked 
|  43|0x0000000084b00000, 0x0000000084b00000, 0x0000000084c00000|  0%| F|  |TAMS 0x0000000084b00000, 0x0000000084b00000| Untracked 
|  44|0x0000000084c00000, 0x0000000084c00000, 0x0000000084d00000|  0%| F|  |TAMS 0x0000000084c00000, 0x0000000084c00000| Untracked 
|  45|0x0000000084d00000, 0x0000000084d00000, 0x0000000084e00000|  0%| F|  |TAMS 0x0000000084d00000, 0x0000000084d00000| Untracked 
|  46|0x0000000084e00000, 0x0000000084e00000, 0x0000000084f00000|  0%| F|  |TAMS 0x0000000084e00000, 0x0000000084e00000| Untracked 
|  47|0x0000000084f00000, 0x0000000084f00000, 0x0000000085000000|  0%| F|  |TAMS 0x0000000084f00000, 0x0000000084f00000| Untracked 
|  48|0x0000000085000000, 0x0000000085000000, 0x0000000085100000|  0%| F|  |TAMS 0x0000000085000000, 0x0000000085000000| Untracked 
|  49|0x0000000085100000, 0x0000000085100000, 0x0000000085200000|  0%| F|  |TAMS 0x0000000085100000, 0x0000000085100000| Untracked 
|  50|0x0000000085200000, 0x0000000085200000, 0x0000000085300000|  0%| F|  |TAMS 0x0000000085200000, 0x0000000085200000| Untracked 
|  51|0x0000000085300000, 0x0000000085300000, 0x0000000085400000|  0%| F|  |TAMS 0x0000000085300000, 0x0000000085300000| Untracked 
|  52|0x0000000085400000, 0x0000000085400000, 0x0000000085500000|  0%| F|  |TAMS 0x0000000085400000, 0x0000000085400000| Untracked 
|  53|0x0000000085500000, 0x0000000085500000, 0x0000000085600000|  0%| F|  |TAMS 0x0000000085500000, 0x0000000085500000| Untracked 
|  54|0x0000000085600000, 0x0000000085600000, 0x0000000085700000|  0%| F|  |TAMS 0x0000000085600000, 0x0000000085600000| Untracked 
|  55|0x0000000085700000, 0x0000000085700000, 0x0000000085800000|  0%| F|  |TAMS 0x0000000085700000, 0x0000000085700000| Untracked 
|  56|0x0000000085800000, 0x0000000085800000, 0x0000000085900000|  0%| F|  |TAMS 0x0000000085800000, 0x0000000085800000| Untracked 
|  57|0x0000000085900000, 0x0000000085900000, 0x0000000085a00000|  0%| F|  |TAMS 0x0000000085900000, 0x0000000085900000| Untracked 
|  58|0x0000000085a00000, 0x0000000085a00000, 0x0000000085b00000|  0%| F|  |TAMS 0x0000000085a00000, 0x0000000085a00000| Untracked 
|  59|0x0000000085b00000, 0x0000000085b00000, 0x0000000085c00000|  0%| F|  |TAMS 0x0000000085b00000, 0x0000000085b00000| Untracked 
|  60|0x0000000085c00000, 0x0000000085c00000, 0x0000000085d00000|  0%| F|  |TAMS 0x0000000085c00000, 0x0000000085c00000| Untracked 
|  61|0x0000000085d00000, 0x0000000085d00000, 0x0000000085e00000|  0%| F|  |TAMS 0x0000000085d00000, 0x0000000085d00000| Untracked 
|  62|0x0000000085e00000, 0x0000000085e00000, 0x0000000085f00000|  0%| F|  |TAMS 0x0000000085e00000, 0x0000000085e00000| Untracked 
|  63|0x0000000085f00000, 0x0000000085f00000, 0x0000000086000000|  0%| F|  |TAMS 0x0000000085f00000, 0x0000000085f00000| Untracked 
|  64|0x0000000086000000, 0x0000000086000000, 0x0000000086100000|  0%| F|  |TAMS 0x0000000086000000, 0x0000000086000000| Untracked 
|  65|0x0000000086100000, 0x0000000086100000, 0x0000000086200000|  0%| F|  |TAMS 0x0000000086100000, 0x0000000086100000| Untracked 
|  66|0x0000000086200000, 0x0000000086200000, 0x0000000086300000|  0%| F|  |TAMS 0x0000000086200000, 0x0000000086200000| Untracked 
|  67|0x0000000086300000, 0x0000000086300000, 0x0000000086400000|  0%| F|  |TAMS 0x0000000086300000, 0x0000000086300000| Untracked 
|  68|0x0000000086400000, 0x0000000086400000, 0x0000000086500000|  0%| F|  |TAMS 0x0000000086400000, 0x0000000086400000| Untracked 
|  69|0x0000000086500000, 0x0000000086500000, 0x0000000086600000|  0%| F|  |TAMS 0x0000000086500000, 0x0000000086500000| Untracked 
|  70|0x0000000086600000, 0x0000000086600000, 0x0000000086700000|  0%| F|  |TAMS 0x0000000086600000, 0x0000000086600000| Untracked 
|  71|0x0000000086700000, 0x0000000086700000, 0x0000000086800000|  0%| F|  |TAMS 0x0000000086700000, 0x0000000086700000| Untracked 
|  72|0x0000000086800000, 0x0000000086800000, 0x0000000086900000|  0%| F|  |TAMS 0x0000000086800000, 0x0000000086800000| Untracked 
|  73|0x0000000086900000, 0x0000000086900000, 0x0000000086a00000|  0%| F|  |TAMS 0x0000000086900000, 0x0000000086900000| Untracked 
|  74|0x0000000086a00000, 0x0000000086a00000, 0x0000000086b00000|  0%| F|  |TAMS 0x0000000086a00000, 0x0000000086a00000| Untracked 
|  75|0x0000000086b00000, 0x0000000086b00000, 0x0000000086c00000|  0%| F|  |TAMS 0x0000000086b00000, 0x0000000086b00000| Untracked 
|  76|0x0000000086c00000, 0x0000000086c00000, 0x0000000086d00000|  0%| F|  |TAMS 0x0000000086c00000, 0x0000000086c00000| Untracked 
|  77|0x0000000086d00000, 0x0000000086d00000, 0x0000000086e00000|  0%| F|  |TAMS 0x0000000086d00000, 0x0000000086d00000| Untracked 
|  78|0x0000000086e00000, 0x0000000086e00000, 0x0000000086f00000|  0%| F|  |TAMS 0x0000000086e00000, 0x0000000086e00000| Untracked 
|  79|0x0000000086f00000, 0x0000000086f00000, 0x0000000087000000|  0%| F|  |TAMS 0x0000000086f00000, 0x0000000086f00000| Untracked 
|  80|0x0000000087000000, 0x0000000087000000, 0x0000000087100000|  0%| F|  |TAMS 0x0000000087000000, 0x0000000087000000| Untracked 
|  81|0x0000000087100000, 0x0000000087100000, 0x0000000087200000|  0%| F|  |TAMS 0x0000000087100000, 0x0000000087100000| Untracked 
|  82|0x0000000087200000, 0x0000000087200000, 0x0000000087300000|  0%| F|  |TAMS 0x0000000087200000, 0x0000000087200000| Untracked 
|  83|0x0000000087300000, 0x0000000087300000, 0x0000000087400000|  0%| F|  |TAMS 0x0000000087300000, 0x0000000087300000| Untracked 
|  84|0x0000000087400000, 0x0000000087400000, 0x0000000087500000|  0%| F|  |TAMS 0x0000000087400000, 0x0000000087400000| Untracked 
|  85|0x0000000087500000, 0x0000000087500000, 0x0000000087600000|  0%| F|  |TAMS 0x0000000087500000, 0x0000000087500000| Untracked 
|  86|0x0000000087600000, 0x0000000087600000, 0x0000000087700000|  0%| F|  |TAMS 0x0000000087600000, 0x0000000087600000| Untracked 
|  87|0x0000000087700000, 0x0000000087700000, 0x0000000087800000|  0%| F|  |TAMS 0x0000000087700000, 0x0000000087700000| Untracked 
|  88|0x0000000087800000, 0x0000000087800000, 0x0000000087900000|  0%| F|  |TAMS 0x0000000087800000, 0x0000000087800000| Untracked 
|  89|0x0000000087900000, 0x0000000087900000, 0x0000000087a00000|  0%| F|  |TAMS 0x0000000087900000, 0x0000000087900000| Untracked 
|  90|0x0000000087a00000, 0x0000000087a00000, 0x0000000087b00000|  0%| F|  |TAMS 0x0000000087a00000, 0x0000000087a00000| Untracked 
|  91|0x0000000087b00000, 0x0000000087b00000, 0x0000000087c00000|  0%| F|  |TAMS 0x0000000087b00000, 0x0000000087b00000| Untracked 
|  92|0x0000000087c00000, 0x0000000087c00000, 0x0000000087d00000|  0%| F|  |TAMS 0x0000000087c00000, 0x0000000087c00000| Untracked 
|  93|0x0000000087d00000, 0x0000000087d00000, 0x0000000087e00000|  0%| F|  |TAMS 0x0000000087d00000, 0x0000000087d00000| Untracked 
|  94|0x0000000087e00000, 0x0000000087e00000, 0x0000000087f00000|  0%| F|  |TAMS 0x0000000087e00000, 0x0000000087e00000| Untracked 
|  95|0x0000000087f00000, 0x0000000087f00000, 0x0000000088000000|  0%| F|  |TAMS 0x0000000087f00000, 0x0000000087f00000| Untracked 
|  96|0x0000000088000000, 0x0000000088000000, 0x0000000088100000|  0%| F|  |TAMS 0x0000000088000000, 0x0000000088000000| Untracked 
|  97|0x0000000088100000, 0x0000000088100000, 0x0000000088200000|  0%| F|  |TAMS 0x0000000088100000, 0x0000000088100000| Untracked 
|  98|0x0000000088200000, 0x0000000088200000, 0x0000000088300000|  0%| F|  |TAMS 0x0000000088200000, 0x0000000088200000| Untracked 
|  99|0x0000000088300000, 0x0000000088300000, 0x0000000088400000|  0%| F|  |TAMS 0x0000000088300000, 0x0000000088300000| Untracked 
| 100|0x0000000088400000, 0x0000000088400000, 0x0000000088500000|  0%| F|  |TAMS 0x0000000088400000, 0x0000000088400000| Untracked 
| 101|0x0000000088500000, 0x0000000088500000, 0x0000000088600000|  0%| F|  |TAMS 0x0000000088500000, 0x0000000088500000| Untracked 
| 102|0x0000000088600000, 0x0000000088600000, 0x0000000088700000|  0%| F|  |TAMS 0x0000000088600000, 0x0000000088600000| Untracked 
| 103|0x0000000088700000, 0x0000000088700000, 0x0000000088800000|  0%| F|  |TAMS 0x0000000088700000, 0x0000000088700000| Untracked 
| 104|0x0000000088800000, 0x0000000088800000, 0x0000000088900000|  0%| F|  |TAMS 0x0000000088800000, 0x0000000088800000| Untracked 
| 105|0x0000000088900000, 0x0000000088900000, 0x0000000088a00000|  0%| F|  |TAMS 0x0000000088900000, 0x0000000088900000| Untracked 
| 106|0x0000000088a00000, 0x0000000088a00000, 0x0000000088b00000|  0%| F|  |TAMS 0x0000000088a00000, 0x0000000088a00000| Untracked 
| 107|0x0000000088b00000, 0x0000000088b00000, 0x0000000088c00000|  0%| F|  |TAMS 0x0000000088b00000, 0x0000000088b00000| Untracked 
| 108|0x0000000088c00000, 0x0000000088c00000, 0x0000000088d00000|  0%| F|  |TAMS 0x0000000088c00000, 0x0000000088c00000| Untracked 
| 109|0x0000000088d00000, 0x0000000088d00000, 0x0000000088e00000|  0%| F|  |TAMS 0x0000000088d00000, 0x0000000088d00000| Untracked 
| 110|0x0000000088e00000, 0x0000000088e00000, 0x0000000088f00000|  0%| F|  |TAMS 0x0000000088e00000, 0x0000000088e00000| Untracked 
| 111|0x0000000088f00000, 0x0000000088f00000, 0x0000000089000000|  0%| F|  |TAMS 0x0000000088f00000, 0x0000000088f00000| Untracked 
| 112|0x0000000089000000, 0x0000000089000000, 0x0000000089100000|  0%| F|  |TAMS 0x0000000089000000, 0x0000000089000000| Untracked 
| 113|0x0000000089100000, 0x0000000089100000, 0x0000000089200000|  0%| F|  |TAMS 0x0000000089100000, 0x0000000089100000| Untracked 
| 114|0x0000000089200000, 0x0000000089200000, 0x0000000089300000|  0%| F|  |TAMS 0x0000000089200000, 0x0000000089200000| Untracked 
| 115|0x0000000089300000, 0x0000000089300000, 0x0000000089400000|  0%| F|  |TAMS 0x0000000089300000, 0x0000000089300000| Untracked 
| 116|0x0000000089400000, 0x0000000089400000, 0x0000000089500000|  0%| F|  |TAMS 0x0000000089400000, 0x0000000089400000| Untracked 
| 117|0x0000000089500000, 0x0000000089500000, 0x0000000089600000|  0%| F|  |TAMS 0x0000000089500000, 0x0000000089500000| Untracked 
| 118|0x0000000089600000, 0x0000000089600000, 0x0000000089700000|  0%| F|  |TAMS 0x0000000089600000, 0x0000000089600000| Untracked 
| 119|0x0000000089700000, 0x0000000089700000, 0x0000000089800000|  0%| F|  |TAMS 0x0000000089700000, 0x0000000089700000| Untracked 
| 120|0x0000000089800000, 0x0000000089800000, 0x0000000089900000|  0%| F|  |TAMS 0x0000000089800000, 0x0000000089800000| Untracked 
| 121|0x0000000089900000, 0x0000000089900000, 0x0000000089a00000|  0%| F|  |TAMS 0x0000000089900000, 0x0000000089900000| Untracked 
| 122|0x0000000089a00000, 0x0000000089a00000, 0x0000000089b00000|  0%| F|  |TAMS 0x0000000089a00000, 0x0000000089a00000| Untracked 
| 123|0x0000000089b00000, 0x0000000089b00000, 0x0000000089c00000|  0%| F|  |TAMS 0x0000000089b00000, 0x0000000089b00000| Untracked 
| 124|0x0000000089c00000, 0x0000000089c00000, 0x0000000089d00000|  0%| F|  |TAMS 0x0000000089c00000, 0x0000000089c00000| Untracked 
| 125|0x0000000089d00000, 0x0000000089d00000, 0x0000000089e00000|  0%| F|  |TAMS 0x0000000089d00000, 0x0000000089d00000| Untracked 

Card table byte_map: [0x000001ca20330000,0x000001ca20720000] _byte_map_base: 0x000001ca1ff20000

Marking Bits (Prev, Next): (CMBitMap*) 0x000001ca1566abe0, (CMBitMap*) 0x000001ca1566aba0
 Prev Bits: [0x000001ca22a90000, 0x000001ca24a10000)
 Next Bits: [0x000001ca20b10000, 0x000001ca22a90000)

Polling page: 0x000001ca14e00000

Metaspace:

Usage:
  Non-class:     19.89 MB used.
      Class:      3.15 MB used.
       Both:     23.04 MB used.

Virtual space:
  Non-class space:       24.00 MB reserved,      20.06 MB ( 84%) committed,  3 nodes.
      Class space:        1.00 GB reserved,       3.31 MB ( <1%) committed,  1 nodes.
             Both:        1.02 GB reserved,      23.38 MB (  2%) committed. 

Chunk freelists:
   Non-Class:  3.83 MB
       Class:  576.00 KB
        Both:  4.39 MB

MaxMetaspaceSize: unlimited
CompressedClassSpaceSize: 1.00 GB
Initial GC threshold: 21.00 MB
Current GC threshold: 35.31 MB
CDS: on
MetaspaceReclaimPolicy: balanced
 - commit_granule_bytes: 65536.
 - commit_granule_words: 8192.
 - virtual_space_node_default_size: 1048576.
 - enlarge_chunks_in_place: 1.
 - new_chunks_are_fully_committed: 0.
 - uncommit_free_chunks: 1.
 - use_allocation_guard: 0.
 - handle_deallocations: 1.


Internal statistics:

num_allocs_failed_limit: 3.
num_arena_births: 404.
num_arena_deaths: 0.
num_vsnodes_births: 4.
num_vsnodes_deaths: 0.
num_space_committed: 374.
num_space_uncommitted: 0.
num_chunks_returned_to_freelist: 3.
num_chunks_taken_from_freelist: 1237.
num_chunk_merges: 3.
num_chunk_splits: 790.
num_chunks_enlarged: 539.
num_purges: 0.
num_inconsistent_stats: 0.

CodeCache: size=49152Kb used=8420Kb max_used=8420Kb free=40731Kb
 bounds [0x000001ca1ce30000, 0x000001ca1d670000, 0x000001ca1fe30000]
 total_blobs=4035 nmethods=3549 adapters=410
 compilation: enabled
              stopped_count=0, restarted_count=0
 full_count=0

Compilation events (20 events):
Event: 2.349 Thread 0x000001ca274d0a00 3539   !   1       sun.nio.fs.WindowsPath::getPathForWin32Calls (135 bytes)
Event: 2.350 Thread 0x000001ca280a1870 3540       1       sun.nio.fs.WindowsNativeDispatcher::asNativeBuffer (103 bytes)
Event: 2.350 Thread 0x000001ca274a2a10 3541       1       jdk.internal.misc.Unsafe::putChar (8 bytes)
Event: 2.350 Thread 0x000001ca274a2a10 nmethod 3541 0x000001ca1d665990 code [0x000001ca1d665b20, 0x000001ca1d665bf8]
Event: 2.350 Thread 0x000001ca274a2a10 3543       1       jdk.internal.loader.BuiltinClassLoader$1::hasMoreElements (5 bytes)
Event: 2.350 Thread 0x000001ca274a2a10 nmethod 3543 0x000001ca1d665c90 code [0x000001ca1d665e20, 0x000001ca1d665f08]
Event: 2.350 Thread 0x000001ca274d0a00 nmethod 3539 0x000001ca1d665f90 code [0x000001ca1d6661c0, 0x000001ca1d666888]
Event: 2.350 Thread 0x000001ca280a1870 nmethod 3540 0x000001ca1d666c10 code [0x000001ca1d666e60, 0x000001ca1d667678]
Event: 2.355 Thread 0x000001ca280a1870 3544       1       java.nio.ByteBuffer::hasArray (20 bytes)
Event: 2.355 Thread 0x000001ca274a2a10 3545       1       java.nio.CharBuffer::hasArray (20 bytes)
Event: 2.355 Thread 0x000001ca28616860 3546       1       java.nio.CharBuffer::array (35 bytes)
Event: 2.355 Thread 0x000001ca274a2a10 nmethod 3545 0x000001ca1d667e90 code [0x000001ca1d668020, 0x000001ca1d668118]
Event: 2.355 Thread 0x000001ca28616860 nmethod 3546 0x000001ca1d668190 code [0x000001ca1d668340, 0x000001ca1d6684d8]
Event: 2.355 Thread 0x000001ca280a1870 nmethod 3544 0x000001ca1d668610 code [0x000001ca1d6687a0, 0x000001ca1d668898]
Event: 2.425 Thread 0x000001ca274d0a00 3547       1       java.util.logging.LogManager$LoggerContext::getGlobalLogger (6 bytes)
Event: 2.425 Thread 0x000001ca274d0a00 nmethod 3547 0x000001ca1d668910 code [0x000001ca1d668aa0, 0x000001ca1d668b78]
Event: 2.427 Thread 0x000001ca280a1870 3548       1       java.lang.Module::getClassLoader (20 bytes)
Event: 2.427 Thread 0x000001ca280a1870 nmethod 3548 0x000001ca1d668c10 code [0x000001ca1d668da0, 0x000001ca1d668ec8]
Event: 2.428 Thread 0x000001ca274d0a00 3549       1       java.util.ResourceBundle$CacheKey::getLocale (5 bytes)
Event: 2.428 Thread 0x000001ca274d0a00 nmethod 3549 0x000001ca1d668f90 code [0x000001ca1d669120, 0x000001ca1d6691f8]

GC Heap History (15 events):
Event: 0.548 GC heap before
{Heap before GC invocations=0 (full 0):
 garbage-first heap   total 129024K, used 23552K [0x0000000082000000, 0x0000000100000000)
  region size 1024K, 23 young (23552K), 0 survivors (0K)
 Metaspace       used 6558K, committed 6720K, reserved 1056768K
  class space    used 795K, committed 896K, reserved 1048576K
}
Event: 0.556 GC heap after
{Heap after GC invocations=1 (full 0):
 garbage-first heap   total 129024K, used 7381K [0x0000000082000000, 0x0000000100000000)
  region size 1024K, 3 young (3072K), 3 survivors (3072K)
 Metaspace       used 6558K, committed 6720K, reserved 1056768K
  class space    used 795K, committed 896K, reserved 1048576K
}
Event: 0.564 GC heap before
{Heap before GC invocations=1 (full 0):
 garbage-first heap   total 129024K, used 32981K [0x0000000082000000, 0x0000000100000000)
  region size 1024K, 29 young (29696K), 3 survivors (3072K)
 Metaspace       used 6558K, committed 6720K, reserved 1056768K
  class space    used 795K, committed 896K, reserved 1048576K
}
Event: 0.567 GC heap after
{Heap after GC invocations=2 (full 0):
 garbage-first heap   total 129024K, used 7575K [0x0000000082000000, 0x0000000100000000)
  region size 1024K, 1 young (1024K), 1 survivors (1024K)
 Metaspace       used 6558K, committed 6720K, reserved 1056768K
  class space    used 795K, committed 896K, reserved 1048576K
}
Event: 1.232 GC heap before
{Heap before GC invocations=2 (full 0):
 garbage-first heap   total 129024K, used 82327K [0x0000000082000000, 0x0000000100000000)
  region size 1024K, 75 young (76800K), 1 survivors (1024K)
 Metaspace       used 15438K, committed 15808K, reserved 1064960K
  class space    used 2050K, committed 2240K, reserved 1048576K
}
Event: 1.235 GC heap after
{Heap after GC invocations=3 (full 0):
 garbage-first heap   total 129024K, used 10877K [0x0000000082000000, 0x0000000100000000)
  region size 1024K, 4 young (4096K), 4 survivors (4096K)
 Metaspace       used 15438K, committed 15808K, reserved 1064960K
  class space    used 2050K, committed 2240K, reserved 1048576K
}
Event: 2.134 GC heap before
{Heap before GC invocations=3 (full 0):
 garbage-first heap   total 129024K, used 82557K [0x0000000082000000, 0x0000000100000000)
  region size 1024K, 75 young (76800K), 4 survivors (4096K)
 Metaspace       used 20595K, committed 20928K, reserved 1073152K
  class space    used 2820K, committed 2944K, reserved 1048576K
}
Event: 2.139 GC heap after
{Heap after GC invocations=4 (full 0):
 garbage-first heap   total 129024K, used 13998K [0x0000000082000000, 0x0000000100000000)
  region size 1024K, 7 young (7168K), 7 survivors (7168K)
 Metaspace       used 20595K, committed 20928K, reserved 1073152K
  class space    used 2820K, committed 2944K, reserved 1048576K
}
Event: 2.174 GC heap before
{Heap before GC invocations=4 (full 0):
 garbage-first heap   total 129024K, used 17070K [0x0000000082000000, 0x0000000100000000)
  region size 1024K, 11 young (11264K), 7 survivors (7168K)
 Metaspace       used 21181K, committed 21504K, reserved 1073152K
  class space    used 2909K, committed 3072K, reserved 1048576K
}
Event: 2.179 GC heap after
{Heap after GC invocations=5 (full 0):
 garbage-first heap   total 129024K, used 14901K [0x0000000082000000, 0x0000000100000000)
  region size 1024K, 5 young (5120K), 5 survivors (5120K)
 Metaspace       used 21181K, committed 21504K, reserved 1073152K
  class space    used 2909K, committed 3072K, reserved 1048576K
}
Event: 2.330 GC heap before
{Heap before GC invocations=6 (full 0):
 garbage-first heap   total 61440K, used 46645K [0x0000000082000000, 0x0000000100000000)
  region size 1024K, 38 young (38912K), 5 survivors (5120K)
 Metaspace       used 23163K, committed 23552K, reserved 1073152K
  class space    used 3192K, committed 3392K, reserved 1048576K
}
Event: 2.334 GC heap after
{Heap after GC invocations=7 (full 0):
 garbage-first heap   total 61440K, used 16125K [0x0000000082000000, 0x0000000100000000)
  region size 1024K, 6 young (6144K), 6 survivors (6144K)
 Metaspace       used 23163K, committed 23552K, reserved 1073152K
  class space    used 3192K, committed 3392K, reserved 1048576K
}
Event: 2.334 GC heap before
{Heap before GC invocations=7 (full 0):
 garbage-first heap   total 61440K, used 16125K [0x0000000082000000, 0x0000000100000000)
  region size 1024K, 7 young (7168K), 6 survivors (6144K)
 Metaspace       used 23163K, committed 23552K, reserved 1073152K
  class space    used 3192K, committed 3392K, reserved 1048576K
}
Event: 2.338 GC heap after
{Heap after GC invocations=8 (full 0):
 garbage-first heap   total 61440K, used 15593K [0x0000000082000000, 0x0000000100000000)
  region size 1024K, 1 young (1024K), 1 survivors (1024K)
 Metaspace       used 23163K, committed 23552K, reserved 1073152K
  class space    used 3192K, committed 3392K, reserved 1048576K
}
Event: 2.433 GC heap before
{Heap before GC invocations=8 (full 0):
 garbage-first heap   total 61440K, used 42217K [0x0000000082000000, 0x0000000100000000)
  region size 1024K, 28 young (28672K), 1 survivors (1024K)
 Metaspace       used 23593K, committed 23936K, reserved 1073152K
  class space    used 3228K, committed 3392K, reserved 1048576K
}

Deoptimization events (6 events):
Event: 0.482 Thread 0x000001ca15629f00 DEOPT PACKING pc=0x000001ca1d1077f5 sp=0x00000070c8bfdb50
Event: 0.482 Thread 0x000001ca15629f00 DEOPT UNPACKING pc=0x000001ca1ce82b43 sp=0x00000070c8bfcfa8 mode 3
Event: 0.866 Thread 0x000001ca288fc940 DEOPT PACKING pc=0x000001ca1d3bc199 sp=0x00000070cacfc8e0
Event: 0.866 Thread 0x000001ca288fc940 DEOPT UNPACKING pc=0x000001ca1ce82b43 sp=0x00000070cacfbdc0 mode 3
Event: 2.020 Thread 0x000001ca288fc940 DEOPT PACKING pc=0x000001ca1d5c76f5 sp=0x00000070cacfc310
Event: 2.020 Thread 0x000001ca288fc940 DEOPT UNPACKING pc=0x000001ca1ce82b43 sp=0x00000070cacfb780 mode 3

Classes unloaded (0 events):
No events

Classes redefined (0 events):
No events

Internal exceptions (20 events):
Event: 2.104 Thread 0x000001ca288fc940 Exception <a 'java/lang/ClassNotFoundException'{0x00000000858337a8}: org/springframework/aop/framework/AopInfrastructureBeanCustomizer> (0x00000000858337a8) 
thrown [t:\workspace\open\src\hotspot\share\classfile\systemDictionary.cpp, line 256]
Event: 2.119 Thread 0x000001ca288fc940 Exception <a 'java/lang/ClassNotFoundException'{0x000000008570d6c0}: java/lang/ObjectCustomizer> (0x000000008570d6c0) 
thrown [t:\workspace\open\src\hotspot\share\classfile\systemDictionary.cpp, line 256]
Event: 2.120 Thread 0x000001ca288fc940 Exception <a 'java/lang/ClassNotFoundException'{0x00000000857176b0}: org/springframework/transaction/annotation/AbstractTransactionManagementConfigurationCustomizer> (0x00000000857176b0) 
thrown [t:\workspace\open\src\hotspot\share\classfile\systemDictionary.cpp, line 256]
Event: 2.120 Thread 0x000001ca288fc940 Exception <a 'java/lang/ClassNotFoundException'{0x00000000857202c0}: org/springframework/transaction/annotation/ProxyTransactionManagementConfigurationCustomizer> (0x00000000857202c0) 
thrown [t:\workspace\open\src\hotspot\share\classfile\systemDictionary.cpp, line 256]
Event: 2.121 Thread 0x000001ca288fc940 Exception <a 'java/lang/ClassNotFoundException'{0x000000008572a008}: org/springframework/context/annotation/ImportAwareCustomizer> (0x000000008572a008) 
thrown [t:\workspace\open\src\hotspot\share\classfile\systemDictionary.cpp, line 256]
Event: 2.121 Thread 0x000001ca288fc940 Exception <a 'java/lang/ClassNotFoundException'{0x0000000085730d10}: org/springframework/beans/factory/AwareCustomizer> (0x0000000085730d10) 
thrown [t:\workspace\open\src\hotspot\share\classfile\systemDictionary.cpp, line 256]
Event: 2.148 Thread 0x000001ca288fc940 Exception <a 'java/lang/NoSuchMethodError'{0x0000000089dbc448}: 'java.lang.Object java.lang.invoke.DirectMethodHandle$Holder.invokeSpecialIFC(java.lang.Object, java.lang.Object, java.lang.Object)'> (0x0000000089dbc448) 
thrown [t:\workspace\open\src\hotspot\share\interpreter\linkResolver.cpp, line 766]
Event: 2.168 Thread 0x000001ca288fc940 Exception <a 'java/lang/NoSuchMethodError'{0x0000000089b6e368}: 'int java.lang.invoke.DirectMethodHandle$Holder.invokeSpecial(java.lang.Object, java.lang.Object, java.lang.Object, java.lang.Object, java.lang.Object)'> (0x0000000089b6e368) 
thrown [t:\workspace\open\src\hotspot\share\interpreter\linkResolver.cpp, line 766]
Event: 2.203 Thread 0x000001ca288fc940 Exception <a 'java/lang/NoSuchMethodError'{0x0000000089cdbd30}: 'java.lang.Object java.lang.invoke.DirectMethodHandle$Holder.invokeStatic(java.lang.Object, java.lang.Object, int)'> (0x0000000089cdbd30) 
thrown [t:\workspace\open\src\hotspot\share\interpreter\linkResolver.cpp, line 766]
Event: 2.204 Thread 0x000001ca288fc940 Exception <a 'java/lang/NoSuchMethodError'{0x0000000089ce7a70}: 'void java.lang.invoke.DelegatingMethodHandle$Holder.delegate(java.lang.Object, java.lang.Object, int, java.lang.Object)'> (0x0000000089ce7a70) 
thrown [t:\workspace\open\src\hotspot\share\interpreter\linkResolver.cpp, line 766]
Event: 2.227 Thread 0x000001ca288fc940 Exception <a 'java/lang/NoSuchMethodError'{0x0000000085396568}: 'void java.lang.invoke.DirectMethodHandle$Holder.invokeInterface(java.lang.Object, java.lang.Object, int)'> (0x0000000085396568) 
thrown [t:\workspace\open\src\hotspot\share\interpreter\linkResolver.cpp, line 766]
Event: 2.228 Thread 0x000001ca288fc940 Exception <a 'java/lang/NoSuchMethodError'{0x00000000853b0650}: 'int java.lang.invoke.DirectMethodHandle$Holder.invokeVirtual(java.lang.Object, java.lang.Object)'> (0x00000000853b0650) 
thrown [t:\workspace\open\src\hotspot\share\interpreter\linkResolver.cpp, line 766]
Event: 2.230 Thread 0x000001ca288fc940 Exception <a 'java/lang/IncompatibleClassChangeError'{0x00000000853e9cd0}: Found class java.lang.Object, but interface was expected> (0x00000000853e9cd0) 
thrown [t:\workspace\open\src\hotspot\share\interpreter\linkResolver.cpp, line 833]
Event: 2.230 Thread 0x000001ca288fc940 Exception <a 'java/lang/NoSuchMethodError'{0x00000000853eee58}: 'void java.lang.invoke.DirectMethodHandle$Holder.invokeStatic(java.lang.Object, int, java.lang.Object)'> (0x00000000853eee58) 
thrown [t:\workspace\open\src\hotspot\share\interpreter\linkResolver.cpp, line 766]
Event: 2.232 Thread 0x000001ca288fc940 Exception <a 'java/lang/NoSuchMethodError'{0x000000008521e0e0}: 'int java.lang.invoke.DirectMethodHandle$Holder.invokeSpecial(java.lang.Object, java.lang.Object, int)'> (0x000000008521e0e0) 
thrown [t:\workspace\open\src\hotspot\share\interpreter\linkResolver.cpp, line 766]
Event: 2.351 Thread 0x000001ca288fc940 Exception <a 'sun/nio/fs/WindowsException'{0x0000000084637f38}> (0x0000000084637f38) 
thrown [t:\workspace\open\src\hotspot\share\prims\jni.cpp, line 516]
Event: 2.351 Thread 0x000001ca288fc940 Exception <a 'sun/nio/fs/WindowsException'{0x000000008463dc08}> (0x000000008463dc08) 
thrown [t:\workspace\open\src\hotspot\share\prims\jni.cpp, line 516]
Event: 2.351 Thread 0x000001ca288fc940 Exception <a 'sun/nio/fs/WindowsException'{0x000000008463df08}> (0x000000008463df08) 
thrown [t:\workspace\open\src\hotspot\share\prims\jni.cpp, line 516]
Event: 2.352 Thread 0x000001ca288fc940 Exception <a 'sun/nio/fs/WindowsException'{0x000000008463ef90}> (0x000000008463ef90) 
thrown [t:\workspace\open\src\hotspot\share\prims\jni.cpp, line 516]
Event: 2.352 Thread 0x000001ca288fc940 Exception <a 'sun/nio/fs/WindowsException'{0x000000008463f2f0}> (0x000000008463f2f0) 
thrown [t:\workspace\open\src\hotspot\share\prims\jni.cpp, line 516]

VM Operations (20 events):
Event: 2.030 Executing VM operation: HandshakeAllThreads done
Event: 2.032 Executing VM operation: HandshakeAllThreads
Event: 2.032 Executing VM operation: HandshakeAllThreads done
Event: 2.094 Executing VM operation: HandshakeAllThreads
Event: 2.094 Executing VM operation: HandshakeAllThreads done
Event: 2.134 Executing VM operation: G1CollectForAllocation
Event: 2.139 Executing VM operation: G1CollectForAllocation done
Event: 2.174 Executing VM operation: CollectForMetadataAllocation
Event: 2.180 Executing VM operation: CollectForMetadataAllocation done
Event: 2.188 Executing VM operation: G1Concurrent
Event: 2.189 Executing VM operation: G1Concurrent done
Event: 2.193 Executing VM operation: G1Concurrent
Event: 2.195 Executing VM operation: G1Concurrent done
Event: 2.330 Executing VM operation: G1CollectForAllocation
Event: 2.334 Executing VM operation: G1CollectForAllocation done
Event: 2.334 Executing VM operation: G1CollectForAllocation
Event: 2.339 Executing VM operation: G1CollectForAllocation done
Event: 2.424 Executing VM operation: HandshakeAllThreads
Event: 2.424 Executing VM operation: HandshakeAllThreads done
Event: 2.432 Executing VM operation: G1CollectForAllocation

Events (20 events):
Event: 2.315 loading class java/util/EventListenerProxy done
Event: 2.315 loading class java/beans/PropertyChangeListenerProxy done
Event: 2.319 loading class java/util/concurrent/ConcurrentLinkedQueue
Event: 2.320 loading class java/util/concurrent/ConcurrentLinkedQueue done
Event: 2.320 loading class java/util/concurrent/ConcurrentLinkedQueue$Node
Event: 2.320 loading class java/util/concurrent/ConcurrentLinkedQueue$Node done
Event: 2.351 loading class java/nio/file/AccessMode
Event: 2.351 loading class java/nio/file/AccessMode done
Event: 2.357 loading class java/lang/ThreadLocal$SuppliedThreadLocal
Event: 2.357 loading class java/lang/ThreadLocal$SuppliedThreadLocal done
Event: 2.358 loading class java/util/logging/LogRecord
Event: 2.358 loading class java/util/logging/LogRecord done
Event: 2.429 loading class java/util/jar/JarInputStream
Event: 2.429 loading class java/util/zip/ZipInputStream
Event: 2.429 loading class java/util/zip/ZipInputStream done
Event: 2.429 loading class java/util/jar/JarInputStream done
Event: 2.429 loading class java/io/PushbackInputStream
Event: 2.429 loading class java/io/PushbackInputStream done
Event: 2.430 loading class sun/security/util/ManifestEntryVerifier
Event: 2.430 loading class sun/security/util/ManifestEntryVerifier done


Dynamic libraries:
0x00007ff65c4d0000 - 0x00007ff65c4e0000 	C:\Users\Evgeniy\.jdks\jdk-17.0.1\bin\java.exe
0x00007ffe0fc90000 - 0x00007ffe0fe85000 	C:\Windows\SYSTEM32\ntdll.dll
0x00007ffe0e040000 - 0x00007ffe0e0fe000 	C:\Windows\System32\KERNEL32.DLL
0x00007ffe0d650000 - 0x00007ffe0d918000 	C:\Windows\System32\KERNELBASE.dll
0x00007ffe0dbb0000 - 0x00007ffe0dcb0000 	C:\Windows\System32\ucrtbase.dll
0x00007ffdf74e0000 - 0x00007ffdf74f8000 	C:\Users\Evgeniy\.jdks\jdk-17.0.1\bin\jli.dll
0x00007ffdf0290000 - 0x00007ffdf02aa000 	C:\Users\Evgeniy\.jdks\jdk-17.0.1\bin\VCRUNTIME140.dll
0x00007ffe0ebd0000 - 0x00007ffe0ec7e000 	C:\Windows\System32\ADVAPI32.dll
0x00007ffe0e100000 - 0x00007ffe0e19e000 	C:\Windows\System32\msvcrt.dll
0x00007ffe0ee80000 - 0x00007ffe0ef1c000 	C:\Windows\System32\sechost.dll
0x00007ffe0ea10000 - 0x00007ffe0eb35000 	C:\Windows\System32\RPCRT4.dll
0x00007ffe0e4a0000 - 0x00007ffe0e640000 	C:\Windows\System32\USER32.dll
0x00007ffe0db80000 - 0x00007ffe0dba2000 	C:\Windows\System32\win32u.dll
0x00007ffdee680000 - 0x00007ffdee91a000 	C:\Windows\WinSxS\amd64_microsoft.windows.common-controls_6595b64144ccf1df_6.0.19041.1110_none_60b5254171f9507e\COMCTL32.dll
0x00007ffe0fc20000 - 0x00007ffe0fc4b000 	C:\Windows\System32\GDI32.dll
0x00007ffe0d4b0000 - 0x00007ffe0d5bd000 	C:\Windows\System32\gdi32full.dll
0x00007ffe0d3a0000 - 0x00007ffe0d43d000 	C:\Windows\System32\msvcp_win.dll
0x00007ffe06400000 - 0x00007ffe0640a000 	C:\Windows\SYSTEM32\VERSION.dll
0x00007ffe0e1a0000 - 0x00007ffe0e1d0000 	C:\Windows\System32\IMM32.DLL
0x00007ffe08950000 - 0x00007ffe0895c000 	C:\Users\Evgeniy\.jdks\jdk-17.0.1\bin\vcruntime140_1.dll
0x00007ffdd8dc0000 - 0x00007ffdd8e4d000 	C:\Users\Evgeniy\.jdks\jdk-17.0.1\bin\msvcp140.dll
0x00007ffdc14f0000 - 0x00007ffdc20ae000 	C:\Users\Evgeniy\.jdks\jdk-17.0.1\bin\server\jvm.dll
0x00007ffe0e920000 - 0x00007ffe0e928000 	C:\Windows\System32\PSAPI.DLL
0x00007ffdf2940000 - 0x00007ffdf2967000 	C:\Windows\SYSTEM32\WINMM.dll
0x00007ffe06430000 - 0x00007ffe06439000 	C:\Windows\SYSTEM32\WSOCK32.dll
0x00007ffe0f3b0000 - 0x00007ffe0f41b000 	C:\Windows\System32\WS2_32.dll
0x00007ffe0bf30000 - 0x00007ffe0bf42000 	C:\Windows\SYSTEM32\kernel.appcore.dll
0x00007ffe08930000 - 0x00007ffe0893a000 	C:\Users\Evgeniy\.jdks\jdk-17.0.1\bin\jimage.dll
0x00007ffe0b940000 - 0x00007ffe0bb24000 	C:\Windows\SYSTEM32\DBGHELP.DLL
0x00007ffdf24d0000 - 0x00007ffdf24fc000 	C:\Windows\SYSTEM32\dbgcore.DLL
0x00007ffe0d5c0000 - 0x00007ffe0d642000 	C:\Windows\System32\bcryptPrimitives.dll
0x00007ffe05fd0000 - 0x00007ffe05fde000 	C:\Users\Evgeniy\.jdks\jdk-17.0.1\bin\instrument.dll
0x00007ffde7140000 - 0x00007ffde7165000 	C:\Users\Evgeniy\.jdks\jdk-17.0.1\bin\java.dll
0x00007ffdd7c90000 - 0x00007ffdd7d66000 	C:\Users\Evgeniy\.jdks\jdk-17.0.1\bin\svml.dll
0x00007ffe0f420000 - 0x00007ffe0fb64000 	C:\Windows\System32\SHELL32.dll
0x00007ffe0b0d0000 - 0x00007ffe0b864000 	C:\Windows\SYSTEM32\windows.storage.dll
0x00007ffe0dce0000 - 0x00007ffe0e035000 	C:\Windows\System32\combase.dll
0x00007ffe0cdf0000 - 0x00007ffe0ce1e000 	C:\Windows\SYSTEM32\Wldp.dll
0x00007ffe0e1d0000 - 0x00007ffe0e27d000 	C:\Windows\System32\SHCORE.dll
0x00007ffe0e930000 - 0x00007ffe0e985000 	C:\Windows\System32\shlwapi.dll
0x00007ffe0d2e0000 - 0x00007ffe0d2ff000 	C:\Windows\SYSTEM32\profapi.dll
0x00007ffde9e30000 - 0x00007ffde9e48000 	C:\Users\Evgeniy\.jdks\jdk-17.0.1\bin\zip.dll
0x00007ffdea610000 - 0x00007ffdea629000 	C:\Users\Evgeniy\.jdks\jdk-17.0.1\bin\net.dll
0x00007ffe012a0000 - 0x00007ffe013ac000 	C:\Windows\SYSTEM32\WINHTTP.dll
0x00007ffe0cb00000 - 0x00007ffe0cb6a000 	C:\Windows\system32\mswsock.dll
0x00007ffdea560000 - 0x00007ffdea575000 	C:\Users\Evgeniy\.jdks\jdk-17.0.1\bin\nio.dll
0x00007ffdf7890000 - 0x00007ffdf78aa000 	C:\Program Files\JetBrains\bin\breakgen64.dll
0x00007ffe0c830000 - 0x00007ffe0c8fb000 	C:\Windows\SYSTEM32\DNSAPI.dll
0x00007ffe0c7d0000 - 0x00007ffe0c80b000 	C:\Windows\SYSTEM32\IPHLPAPI.DLL
0x00007ffe0f3a0000 - 0x00007ffe0f3a8000 	C:\Windows\System32\NSI.dll
0x00007ffe06770000 - 0x00007ffe0677a000 	C:\Windows\System32\rasadhlp.dll
0x00007ffdf38a0000 - 0x00007ffdf391f000 	C:\Windows\System32\fwpuclnt.dll
0x00007ffe0dcb0000 - 0x00007ffe0dcd7000 	C:\Windows\System32\bcrypt.dll
0x00007ffdf7560000 - 0x00007ffdf7569000 	C:\Users\Evgeniy\.jdks\jdk-17.0.1\bin\management.dll
0x00007ffdf26a0000 - 0x00007ffdf26ab000 	C:\Users\Evgeniy\.jdks\jdk-17.0.1\bin\management_ext.dll
0x00007ffe0cd00000 - 0x00007ffe0cd18000 	C:\Windows\SYSTEM32\CRYPTSP.dll
0x00007ffe0c3f0000 - 0x00007ffe0c424000 	C:\Windows\system32\rsaenh.dll
0x00007ffe0d2a0000 - 0x00007ffe0d2ce000 	C:\Windows\SYSTEM32\USERENV.dll
0x00007ffe0ccf0000 - 0x00007ffe0ccfc000 	C:\Windows\SYSTEM32\CRYPTBASE.dll
0x00007ffe02270000 - 0x00007ffe02287000 	C:\Windows\SYSTEM32\dhcpcsvc6.DLL
0x00007ffe01160000 - 0x00007ffe0117d000 	C:\Windows\SYSTEM32\dhcpcsvc.DLL
0x00007ffdf0ae0000 - 0x00007ffdf0af7000 	C:\Windows\system32\napinsp.dll
0x00007ffdf0ac0000 - 0x00007ffdf0adb000 	C:\Windows\system32\pnrpnsp.dll
0x00007ffe07aa0000 - 0x00007ffe07ab5000 	C:\Windows\system32\wshbth.dll
0x00007ffe087f0000 - 0x00007ffe0880d000 	C:\Windows\system32\NLAapi.dll
0x00007ffdf0aa0000 - 0x00007ffdf0ab2000 	C:\Windows\System32\winrnr.dll

dbghelp: loaded successfully - version: 4.0.5 - missing functions: none
symbol engine: initialized successfully - sym options: 0x614 - pdb path: .;C:\Users\Evgeniy\.jdks\jdk-17.0.1\bin;C:\Windows\SYSTEM32;C:\Windows\WinSxS\amd64_microsoft.windows.common-controls_6595b64144ccf1df_6.0.19041.1110_none_60b5254171f9507e;C:\Users\Evgeniy\.jdks\jdk-17.0.1\bin\server;C:\Program Files\JetBrains\bin

VM Arguments:
jvm_args: -XX:TieredStopAtLevel=1 -Xverify:none -Dspring.output.ansi.enabled=always -javaagent:C:\Program Files\JetBrains\lib\idea_rt.jar=61349:C:\Program Files\JetBrains\bin -Dcom.sun.management.jmxremote -Dspring.jmx.enabled=true -Dspring.liveBeansView.mbeanDomain -Dspring.application.admin.enabled=true -Dfile.encoding=UTF-8 
java_command: web.SpringJsApplication
java_class_path (initial): C:\Users\Evgeniy\IdeaProjects\springJS\target\classes;C:\Users\Evgeniy\.m2\repository\org\springframework\boot\spring-boot-starter-data-jpa\2.6.3\spring-boot-starter-data-jpa-2.6.3.jar;C:\Users\Evgeniy\.m2\repository\org\springframework\boot\spring-boot-starter-aop\2.6.3\spring-boot-starter-aop-2.6.3.jar;C:\Users\Evgeniy\.m2\repository\org\aspectj\aspectjweaver\1.9.7\aspectjweaver-1.9.7.jar;C:\Users\Evgeniy\.m2\repository\org\springframework\boot\spring-boot-starter-jdbc\2.6.3\spring-boot-starter-jdbc-2.6.3.jar;C:\Users\Evgeniy\.m2\repository\com\zaxxer\HikariCP\4.0.3\HikariCP-4.0.3.jar;C:\Users\Evgeniy\.m2\repository\org\springframework\spring-jdbc\5.3.15\spring-jdbc-5.3.15.jar;C:\Users\Evgeniy\.m2\repository\jakarta\transaction\jakarta.transaction-api\1.3.3\jakarta.transaction-api-1.3.3.jar;C:\Users\Evgeniy\.m2\repository\jakarta\persistence\jakarta.persistence-api\2.2.3\jakarta.persistence-api-2.2.3.jar;C:\Users\Evgeniy\.m2\repository\org\hibernate\hibernate-core\5.6.4.Final\hibernate-core-5.6.4.Final.jar;C:\Users\Evgeniy\.m2\repository\org\jboss\logging\jboss-logging\3.4.3.Final\jboss-logging-3.4.3.Final.jar;C:\Users\Evgeniy\.m2\repository\net\bytebuddy\byte-buddy\1.11.22\byte-buddy-1.11.22.jar;C:\Users\Evgeniy\.m2\repository\antlr\antlr\2.7.7\antlr-2.7.7.jar;C:\Users\Evgeniy\.m2\repository\org\jboss\jandex\2.4.2.Final\jandex-2.4.2.Final.jar;C:\Users\Evgeniy\.m2\repository\com\fasterxml\classmate\1.5.1\classmate-1.5.1.jar;C:\Users\Evgeniy\.m2\repository\org\hibernate\common\hibernate-commons-annotations\5.1.2.Final\hibernate-commons-annotations-5.1.2.Final.jar;C:\Users\Evgeniy\.m2\repository\org\glassfish\jaxb\jaxb-runtime\2.3.5\jaxb-runtime-2.3.5.jar;C:\Users\Evgeniy\.m2\repository\org\glassfish\jaxb\txw2\2.3.5\txw2-2.3.5.jar;C:\Users\Evgeniy\.m2\repository\com\sun\istack\istack-commons-runtime\3.0.12\istack-commons-runtime-3.0.12.jar;C:\Users\Evgeniy\.m2\repository\com\sun\activation\jakarta.activation\1.2.2\jakarta.activation-1.2.
Launcher Type: SUN_STANDARD

[Global flags]
     intx CICompilerCount                          = 4                                         {product} {ergonomic}
     uint ConcGCThreads                            = 2                                         {product} {ergonomic}
     uint G1ConcRefinementThreads                  = 8                                         {product} {ergonomic}
   size_t G1HeapRegionSize                         = 1048576                                   {product} {ergonomic}
    uintx GCDrainStackTargetSize                   = 64                                        {product} {ergonomic}
   size_t InitialHeapSize                          = 132120576                                 {product} {ergonomic}
     bool ManagementServer                         = true                                      {product} {command line}
   size_t MarkStackSize                            = 4194304                                   {product} {ergonomic}
   size_t MaxHeapSize                              = 2113929216                                {product} {ergonomic}
   size_t MaxNewSize                               = 1267728384                                {product} {ergonomic}
   size_t MinHeapDeltaBytes                        = 1048576                                   {product} {ergonomic}
   size_t MinHeapSize                              = 8388608                                   {product} {ergonomic}
    uintx NonProfiledCodeHeapSize                  = 0                                      {pd product} {ergonomic}
     bool ProfileInterpreter                       = false                                  {pd product} {command line}
    uintx ProfiledCodeHeapSize                     = 0                                      {pd product} {ergonomic}
   size_t SoftMaxHeapSize                          = 2113929216                             {manageable} {ergonomic}
     intx TieredStopAtLevel                        = 1                                         {product} {command line}
     bool UseCompressedClassPointers               = true                           {product lp64_product} {ergonomic}
     bool UseCompressedOops                        = true                           {product lp64_product} {ergonomic}
     bool UseG1GC                                  = true                                      {product} {ergonomic}
     bool UseLargePagesIndividualAllocation        = false                                  {pd product} {ergonomic}

Logging:
Log output configuration:
 #0: stdout all=warning uptime,level,tags
 #1: stderr all=off uptime,level,tags

Environment Variables:
JAVA_HOME=C:\Users\Evgeniy\.jdks\jdk-17.0.1
PATH=C:\Windows\system32;C:\Windows;C:\Windows\System32\Wbem;C:\Windows\System32\WindowsPowerShell\v1.0\;C:\Windows\System32\OpenSSH\;C:\Program Files\Git\cmd;C:\Program Files\Git\bin\;C:\Apache\apache-maven-3.8.4\bin;C:\Users\Evgeniy\.jdks\jdk-17.0.1\bin;C:\Program Files\MySQL\MySQL Shell 8.0\bin\;C:\Users\Evgeniy\AppData\Local\Microsoft\WindowsApps;;C:\Program Files\JetBrains\IntelliJ IDEA Community Edition 2021.2.3\bin;
USERNAME=Evgeniy
OS=Windows_NT
PROCESSOR_IDENTIFIER=Intel64 Family 6 Model 142 Stepping 12, GenuineIntel



---------------  S Y S T E M  ---------------

OS:
 Windows 10 , 64 bit Build 19041 (10.0.19041.1503)
OS uptime: 6 days 2:55 hours

CPU: total 8 (initial active 8) (4 cores per cpu, 2 threads per core) family 6 model 142 stepping 12 microcode 0xde, cx8, cmov, fxsr, ht, mmx, 3dnowpref, sse, sse2, sse3, ssse3, sse4.1, sse4.2, popcnt, lzcnt, tsc, tscinvbit, avx, avx2, aes, erms, clmul, bmi1, bmi2, adx, fma, vzeroupper, clflush, clflushopt

Memory: 4k page, system-wide physical 8062M (1171M free)
TotalPageFile size 10110M (AvailPageFile size 22M)
current process WorkingSet (physical memory assigned to process): 139M, peak: 165M
current process commit charge ("private bytes"): 252M, peak: 306M

vm_info: Java HotSpot(TM) 64-Bit Server VM (17.0.1+12-LTS-39) for windows-amd64 JRE (17.0.1+12-LTS-39), built on Sep 27 2021 18:41:35 by "mach5one" with MS VC++ 16.8 (VS2019)

END.
